<?xml version="1.0" encoding="UTF-8"?>
<!-- Generated by org.testng.reporters.JUnitReportReporter -->
<testsuite hostname="RAVITEJA" failures="0" tests="1" name="com.carsome.NewTest" time="0.020" errors="0" timestamp="2022-06-04T21:36:05 IST" skipped="0">
  <testcase classname="com.carsome.NewTest" name="f" time="0.020"/>
  <system-out/>
</testsuite> <!-- com.carsome.NewTest -->
