<?xml version="1.0" encoding="UTF-8"?>
<!-- Generated by org.testng.reporters.JUnitReportReporter -->
<testsuite hostname="RAVITEJA" failures="0" tests="1" name="com.weblogin.Testcases.VerifyWebLogin" time="3.258" errors="0" timestamp="2022-06-13T12:41:59 IST" skipped="0">
  <testcase classname="com.weblogin.Testcases.VerifyWebLogin" name="loginTest" time="3.258"/>
  <system-out/>
</testsuite> <!-- com.weblogin.Testcases.VerifyWebLogin -->
